<?xml version="1.0" encoding="UTF-8"?>
<!-- Generated by org.testng.reporters.JUnitXMLReporter -->
<testsuite ignored="0" hostname="GMANEESH-LP" failures="0" tests="6" name="Default test" time="19.632" errors="0" timestamp="2023-06-14T13:10:32 IST">
  <testcase classname="api.test.DDTests" name="testpostuser" time="8.996"/>
  <testcase classname="api.test.DDTests" name="testpostuser" time="1.381"/>
  <testcase classname="api.test.DDTests" name="testpostuser" time="1.329"/>
  <testcase classname="api.test.DDTests" name="testDeleteUser" time="1.423"/>
  <testcase classname="api.test.DDTests" name="testDeleteUser" time="1.301"/>
  <testcase classname="api.test.DDTests" name="testDeleteUser" time="1.323"/>
</testsuite> <!-- Default test -->
