<?xml version="1.0" encoding="UTF-8"?>
<!-- Generated by org.testng.reporters.JUnitXMLReporter -->
<testsuite ignored="0" hostname="GMANEESH-LP" failures="0" tests="4" name="PetTest" time="11.371" errors="0" timestamp="2023-06-15T11:34:24 IST">
  <testcase classname="api.test.UserTests2" name="testPostUser" time="4.947"/>
  <testcase classname="api.test.UserTests2" name="testGetUserByName" time="1.6"/>
  <testcase classname="api.test.UserTests2" name="testUpdateUserByName" time="1.497"/>
  <testcase classname="api.test.UserTests2" name="testDeleteUserByName" time="1.635"/>
</testsuite> <!-- PetTest -->
