<?xml version="1.0" encoding="UTF-8"?>
<!-- Generated by org.testng.reporters.JUnitXMLReporter -->
<testsuite ignored="0" hostname="TyS-PC" failures="0" tests="4" name="PetTest" time="10.779" errors="0" timestamp="2023-06-17T19:34:42 IST">
  <testcase classname="api.test.UserTests2" name="testPostUser" time="4.412"/>
  <testcase classname="api.test.UserTests2" name="testGetUserByName" time="2.305"/>
  <testcase classname="api.test.UserTests2" name="testUpdateUserByName" time="1.108"/>
  <testcase classname="api.test.UserTests2" name="testDeleteUserByName" time="1.488"/>
</testsuite> <!-- PetTest -->
