<?xml version="1.0" encoding="UTF-8"?>
<!-- Generated by org.testng.reporters.JUnitXMLReporter -->
<testsuite ignored="0" hostname="GMANEESH-LP" failures="0" tests="4" name="PetTest" time="11.903" errors="0" timestamp="2023-06-15T11:10:05 IST">
  <testcase classname="api.test.UserTests2" name="testPostUser" time="5.208"/>
  <testcase classname="api.test.UserTests2" name="testGetUserByName" time="1.403"/>
  <testcase classname="api.test.UserTests2" name="testUpdateUserByName" time="1.351"/>
  <testcase classname="api.test.UserTests2" name="testDeleteUserByName" time="1.401"/>
</testsuite> <!-- PetTest -->
