<?xml version="1.0" encoding="UTF-8"?>
<!-- Generated by org.testng.reporters.JUnitXMLReporter -->
<testsuite ignored="0" hostname="TyS-PC" failures="0" tests="4" name="PetTest" time="14.455" errors="0" timestamp="2023-06-17T18:44:47 IST">
  <testcase classname="api.test.UserTests2" name="testPostUser" time="7.409"/>
  <testcase classname="api.test.UserTests2" name="testGetUserByName" time="1.392"/>
  <testcase classname="api.test.UserTests2" name="testUpdateUserByName" time="1.207"/>
  <testcase classname="api.test.UserTests2" name="testDeleteUserByName" time="1.165"/>
</testsuite> <!-- PetTest -->
